NUMBER OF FEATURES IN ALL SPLITS: 179
28675
13316
18952
29192
24076
8717
11795
23063
19488
10790
23080
24618
13866
16938
16429
13870
23606
23608
27195
6716
21565
27711
5184
3649
4677
6726
12871
13385
29259
24656
11860
2133
15452
9308
3170
8291
3172
1634
4199
17001
29290
16495
25199
24180
26230
15490
2180
21127
18059
2191
23187
17044
4757
20641
25253
26794
4268
11439
28337
27315
6329
14524
22204
2749
2244
27332
22728
27336
24270
25808
23764
27350
5337
12517
13038
16111
246
10999
13047
10998
22792
1291
18700
19725
24848
20753
27409
22811
19229
18725
24357
6958
23858
19768
825
17723
14652
27452
9021
22336
16196
24902
16199
15179
24395
5459
13651
854
347
1883
10076
27999
23391
29028
12133
13672
2922
7019
20335
21360
25455
20338
25972
6006
19321
28026
11642
11644
29180
11646
3969
6536
18826
21397
18839
19352
29083
27037
24479
27046
19368
11178
427
4014
27574
4537
442
8121
22459
6589
24507
8126
9153
5570
28104
4040
4041
4042
4044
4045
4046
20945
14809
11233
12260
4070
21992
3561
26089
26603
11247
15344
1009
25583
15348
19959
23035
6652
29182
