NUMBER OF FEATURES IN ALL SPLITS: 99
13316
18952
29192
8717
23063
19488
16938
16429
27195
21565
4677
6726
12871
13385
29259
2133
9308
3170
8291
1634
4199
17001
29290
16495
18059
17044
4757
20641
25253
4268
11439
27315
6329
14524
2749
27332
27336
25808
27350
5337
13038
16111
246
10999
13047
10998
22792
1291
18700
19229
18725
24357
23858
19768
825
14652
9021
13651
854
347
1883
23391
29028
12133
7019
25455
21360
29180
3969
6536
18826
21397
19352
27037
24479
27046
19368
427
4014
27574
4537
22459
6589
8126
9153
5570
20945
14809
12260
4070
21992
26089
26603
15344
1009
15348
23035
6652
29182
