NUMBER OF FEATURES IN ALL SPLITS: 132
13316
18952
29192
24076
8717
11795
23063
19488
10790
23080
13866
16938
16429
23608
27195
6716
21565
5184
4677
6726
12871
13385
29259
24656
2133
15452
9308
3170
8291
1634
4199
17001
29290
16495
25199
26230
15490
18059
17044
4757
20641
25253
26794
4268
11439
27315
6329
14524
2749
27332
27336
24270
25808
27350
5337
13038
16111
246
10999
13047
10998
22792
1291
18700
19725
27409
19229
18725
24357
23858
19768
825
14652
27452
9021
24902
16199
15179
13651
854
347
1883
10076
27999
23391
29028
12133
13672
7019
25455
21360
25972
11642
11644
29180
11646
3969
6536
18826
21397
18839
19352
27037
24479
27046
19368
11178
427
4014
27574
4537
442
8121
22459
6589
8126
9153
5570
20945
14809
11233
12260
4070
21992
26089
26603
15344
1009
15348
23035
6652
29182
